\BOOKMARK [1][-]{section.1}{\376\377\133\236\232\214\116\313\176\315}{}% 1
\BOOKMARK [1][-]{section.2}{\376\377\131\047\145\160\166\370\116\130}{}% 2
\BOOKMARK [2][-]{subsection.2.1}{\376\377\133\236\232\214\211\201\154\102}{section.2}% 3
\BOOKMARK [2][-]{subsection.2.2}{\376\377\133\236\232\214\121\205\133\271}{section.2}% 4
\BOOKMARK [2][-]{subsection.2.3}{\376\377\133\236\232\214\217\307\172\013}{section.2}% 5
\BOOKMARK [3][-]{subsubsection.2.3.1}{\376\377\217\223\121\145\131\004\164\006}{subsection.2.3}% 6
\BOOKMARK [3][-]{subsubsection.2.3.2}{\376\377\000f\000f\000t\123\330\143\142}{subsection.2.3}% 7
\BOOKMARK [3][-]{subsubsection.2.3.3}{\376\377\131\015\145\160\145\160\176\304\166\370\116\130}{subsection.2.3}% 8
\BOOKMARK [3][-]{subsubsection.2.3.4}{\376\377\217\223\121\372\131\004\164\006}{subsection.2.3}% 9
\BOOKMARK [2][-]{subsection.2.4}{\376\377\133\236\232\214\176\323\147\234}{section.2}% 10
\BOOKMARK [2][-]{subsection.2.5}{\376\377\137\303\137\227\117\123\117\032}{section.2}% 11
\BOOKMARK [1][-]{section.3}{\376\377\000W\000i\000n\000d\000o\000w\000s\165\114\227\142\145\207\116\366\153\324\217\203}{}% 12
\BOOKMARK [2][-]{subsection.3.1}{\376\377\133\236\232\214\211\201\154\102}{section.3}% 13
\BOOKMARK [2][-]{subsection.3.2}{\376\377\133\236\232\214\121\205\133\271}{section.3}% 14
\BOOKMARK [2][-]{subsection.3.3}{\376\377\133\236\232\214\217\307\172\013}{section.3}% 15
\BOOKMARK [3][-]{subsubsection.3.3.1}{\376\377\116\073\172\227\123\343}{subsection.3.3}% 16
\BOOKMARK [3][-]{subsubsection.3.3.2}{\376\377\133\314\145\207\147\054\143\247\116\366}{subsection.3.3}% 17
\BOOKMARK [3][-]{subsubsection.3.3.3}{\376\377\145\207\147\054\153\324\217\203\143\011\224\256}{subsection.3.3}% 18
\BOOKMARK [3][-]{subsubsection.3.3.4}{\376\377\145\207\116\366\122\240\217\175\143\011\224\256}{subsection.3.3}% 19
\BOOKMARK [2][-]{subsection.3.4}{\376\377\133\236\232\214\176\323\147\234}{section.3}% 20
\BOOKMARK [2][-]{subsection.3.5}{\376\377\123\357\145\071\217\333\166\204\127\060\145\271}{section.3}% 21
\BOOKMARK [2][-]{subsection.3.6}{\376\377\137\303\137\227\117\123\117\032}{section.3}% 22
\BOOKMARK [1][-]{section.4}{\376\377\000W\000i\000n\000d\000o\000w\000s\165\114\227\142\213\241\173\227\126\150}{}% 23
\BOOKMARK [2][-]{subsection.4.1}{\376\377\133\236\232\214\211\201\154\102}{section.4}% 24
\BOOKMARK [2][-]{subsection.4.2}{\376\377\133\236\232\214\121\205\133\271}{section.4}% 25
\BOOKMARK [2][-]{subsection.4.3}{\376\377\133\236\232\214\217\307\172\013}{section.4}% 26
\BOOKMARK [3][-]{subsubsection.4.3.1}{\376\377\165\114\227\142\176\330\122\066}{subsection.4.3}% 27
\BOOKMARK [3][-]{subsubsection.4.3.2}{\376\377\116\055\177\000\210\150\217\276\137\017\217\154\143\142}{subsection.4.3}% 28
\BOOKMARK [3][-]{subsubsection.4.3.3}{\376\377\213\241\173\227\176\323\147\234}{subsection.4.3}% 29
\BOOKMARK [3][-]{subsubsection.4.3.4}{\376\377\176\323\147\234\217\223\121\372}{subsection.4.3}% 30
\BOOKMARK [2][-]{subsection.4.4}{\376\377\133\236\232\214\176\323\147\234}{section.4}% 31
\BOOKMARK [2][-]{subsection.4.5}{\376\377\137\303\137\227\117\123\117\032}{section.4}% 32
